
*** Running vivado
    with args -log SRT_top.vds -m64 -product Vivado -mode batch -messageDb vivado.pb -notrace -source SRT_top.tcl


ECHO 处于关闭状态。
ECHO 处于关闭状态。

****** Vivado v2023.2 (64-bit)
  **** SW Build 4029153 on Fri Oct 13 20:14:34 MDT 2023
  **** IP Build 4028589 on Sat Oct 14 00:45:43 MDT 2023
  **** SharedData Build 4025554 on Tue Oct 10 17:18:54 MDT 2023
    ** Copyright 1986-2022 Xilinx, Inc. All Rights Reserved.
    ** Copyright 2022-2023 Advanced Micro Devices, Inc. All Rights Reserved.

source SRT_top.tcl -notrace
create_project: Time (s): cpu = 00:00:03 ; elapsed = 00:00:06 . Memory (MB): peak = 474.727 ; gain = 178.582
Command: read_checkpoint -auto_incremental -incremental D:/Projects/2024CODH/labs/lab1/SRT/SRT.srcs/utils_1/imports/synth_1/SRT_top.dcp
INFO: [Vivado 12-5825] Read reference checkpoint from D:/Projects/2024CODH/labs/lab1/SRT/SRT.srcs/utils_1/imports/synth_1/SRT_top.dcp for incremental synthesis
INFO: [Vivado 12-7989] Please ensure there are no constraint changes
Command: synth_design -top SRT_top -part xc7a100tcsg324-1
Starting synth_design
Attempting to get a license for feature 'Synthesis' and/or device 'xc7a100t'
INFO: [Common 17-349] Got license for feature 'Synthesis' and/or device 'xc7a100t'
INFO: [Device 21-403] Loading part xc7a100tcsg324-1
INFO: [Designutils 20-5440] No compile time benefit to using incremental synthesis; A full resynthesis will be run
INFO: [Designutils 20-4379] Flow is switching to default flow due to incremental criteria not met. If you would like to alter this behaviour and have the flow terminate instead, please set the following parameter config_implementation {autoIncr.Synth.RejectBehavior Terminate}
INFO: [Synth 8-7079] Multithreading enabled for synth_design using a maximum of 2 processes.
INFO: [Synth 8-7078] Launching helper process for spawning children vivado processes
INFO: [Synth 8-7075] Helper process launched with PID 19912
---------------------------------------------------------------------------------
Starting RTL Elaboration : Time (s): cpu = 00:00:02 ; elapsed = 00:00:05 . Memory (MB): peak = 1335.594 ; gain = 439.316
---------------------------------------------------------------------------------
INFO: [Synth 8-6157] synthesizing module 'SRT_top' [D:/Projects/2024CODH/labs/lab1/src/SRT_top.v:1]
INFO: [Synth 8-6157] synthesizing module 'SRT' [D:/Projects/2024CODH/labs/lab1/src/SRT_IP.v:1]
	Parameter DATA_WIDTH bound to: 32 - type: integer 
	Parameter ADDR_WIDTH bound to: 4 - type: integer 
INFO: [Synth 8-6157] synthesizing module 'ALU' [D:/Projects/2024CODH/labs/lab1/src/ALU.v:1]
INFO: [Synth 8-6155] done synthesizing module 'ALU' (0#1) [D:/Projects/2024CODH/labs/lab1/src/ALU.v:1]
INFO: [Synth 8-6157] synthesizing module 'RAM_dist' [D:/Projects/2024CODH/labs/lab1/SRT/SRT.runs/synth_1/.Xil/Vivado-21092-LAPTOP-54TG6O0D/realtime/RAM_dist_stub.v:6]
INFO: [Synth 8-6155] done synthesizing module 'RAM_dist' (0#1) [D:/Projects/2024CODH/labs/lab1/SRT/SRT.runs/synth_1/.Xil/Vivado-21092-LAPTOP-54TG6O0D/realtime/RAM_dist_stub.v:6]
INFO: [Synth 8-155] case statement is not full and has no default [D:/Projects/2024CODH/labs/lab1/src/SRT_IP.v:65]
INFO: [Synth 8-155] case statement is not full and has no default [D:/Projects/2024CODH/labs/lab1/src/SRT_IP.v:114]
INFO: [Synth 8-6155] done synthesizing module 'SRT' (0#1) [D:/Projects/2024CODH/labs/lab1/src/SRT_IP.v:1]
INFO: [Synth 8-6157] synthesizing module 'update_seg' [D:/Projects/2024CODH/labs/lab1/src/Seg/update_seg.sv:23]
INFO: [Synth 8-6157] synthesizing module 'Fren_divider' [D:/Projects/2024CODH/labs/lab1/src/Seg/Fren_divider.sv:23]
INFO: [Synth 8-6155] done synthesizing module 'Fren_divider' (0#1) [D:/Projects/2024CODH/labs/lab1/src/Seg/Fren_divider.sv:23]
INFO: [Synth 8-6157] synthesizing module 'counter_8' [D:/Projects/2024CODH/labs/lab1/src/Seg/counter_8.sv:23]
	Parameter WIDTH bound to: 3 - type: integer 
	Parameter RST_VLU bound to: 0 - type: integer 
INFO: [Synth 8-6155] done synthesizing module 'counter_8' (0#1) [D:/Projects/2024CODH/labs/lab1/src/Seg/counter_8.sv:23]
INFO: [Synth 8-6157] synthesizing module 'mux' [D:/Projects/2024CODH/labs/lab1/src/Seg/mux.sv:23]
INFO: [Synth 8-226] default block is never used [D:/Projects/2024CODH/labs/lab1/src/Seg/mux.sv:29]
INFO: [Synth 8-6155] done synthesizing module 'mux' (0#1) [D:/Projects/2024CODH/labs/lab1/src/Seg/mux.sv:23]
INFO: [Synth 8-6157] synthesizing module 'seven_decode' [D:/Projects/2024CODH/labs/lab1/src/Seg/seven_decode.sv:23]
INFO: [Synth 8-6155] done synthesizing module 'seven_decode' (0#1) [D:/Projects/2024CODH/labs/lab1/src/Seg/seven_decode.sv:23]
INFO: [Synth 8-6157] synthesizing module 'decoder' [D:/Projects/2024CODH/labs/lab1/src/Seg/decoder.sv:23]
INFO: [Synth 8-226] default block is never used [D:/Projects/2024CODH/labs/lab1/src/Seg/decoder.sv:28]
INFO: [Synth 8-6155] done synthesizing module 'decoder' (0#1) [D:/Projects/2024CODH/labs/lab1/src/Seg/decoder.sv:23]
INFO: [Synth 8-6155] done synthesizing module 'update_seg' (0#1) [D:/Projects/2024CODH/labs/lab1/src/Seg/update_seg.sv:23]
INFO: [Synth 8-6155] done synthesizing module 'SRT_top' (0#1) [D:/Projects/2024CODH/labs/lab1/src/SRT_top.v:1]
---------------------------------------------------------------------------------
Finished RTL Elaboration : Time (s): cpu = 00:00:03 ; elapsed = 00:00:07 . Memory (MB): peak = 1443.992 ; gain = 547.715
---------------------------------------------------------------------------------
---------------------------------------------------------------------------------
Start Handling Custom Attributes
---------------------------------------------------------------------------------
---------------------------------------------------------------------------------
Finished Handling Custom Attributes : Time (s): cpu = 00:00:03 ; elapsed = 00:00:07 . Memory (MB): peak = 1443.992 ; gain = 547.715
---------------------------------------------------------------------------------
---------------------------------------------------------------------------------
Finished RTL Optimization Phase 1 : Time (s): cpu = 00:00:03 ; elapsed = 00:00:07 . Memory (MB): peak = 1443.992 ; gain = 547.715
---------------------------------------------------------------------------------
Netlist sorting complete. Time (s): cpu = 00:00:00 ; elapsed = 00:00:00.009 . Memory (MB): peak = 1443.992 ; gain = 0.000
INFO: [Project 1-570] Preparing netlist for logic optimization

Processing XDC Constraints
Initializing timing engine
Parsing XDC File [d:/Projects/2024CODH/labs/lab1/SRT/SRT.gen/sources_1/ip/RAM_dist_1/RAM_dist/RAM_dist_in_context.xdc] for cell 'my_srt/ram'
Finished Parsing XDC File [d:/Projects/2024CODH/labs/lab1/SRT/SRT.gen/sources_1/ip/RAM_dist_1/RAM_dist/RAM_dist_in_context.xdc] for cell 'my_srt/ram'
Parsing XDC File [D:/Projects/2024CODH/labs/lab1/SRT/SRT.srcs/constrs_1/new/SRT.xdc]
Finished Parsing XDC File [D:/Projects/2024CODH/labs/lab1/SRT/SRT.srcs/constrs_1/new/SRT.xdc]
INFO: [Project 1-236] Implementation specific constraints were found while reading constraint file [D:/Projects/2024CODH/labs/lab1/SRT/SRT.srcs/constrs_1/new/SRT.xdc]. These constraints will be ignored for synthesis but will be used in implementation. Impacted constraints are listed in the file [.Xil/SRT_top_propImpl.xdc].
Resolution: To avoid this warning, move constraints listed in [.Xil/SRT_top_propImpl.xdc] to another XDC file and exclude this new file from synthesis with the used_in_synthesis property (File Properties dialog in GUI) and re-run elaboration/synthesis.
Completed Processing XDC Constraints

Netlist sorting complete. Time (s): cpu = 00:00:00 ; elapsed = 00:00:00.001 . Memory (MB): peak = 1488.602 ; gain = 0.000
INFO: [Project 1-111] Unisim Transformation Summary:
No Unisim elements were transformed.

系统找不到指定的路径。
Constraint Validation Runtime : Time (s): cpu = 00:00:00 ; elapsed = 00:00:00.003 . Memory (MB): peak = 1488.602 ; gain = 0.000
WARNING: [Timing 38-316] Clock period '20.000' specified during out-of-context synthesis of instance 'my_srt/ram' at clock pin 'clk' is different from the actual clock period '10.000', this can lead to different synthesis results.
INFO: [Designutils 20-5440] No compile time benefit to using incremental synthesis; A full resynthesis will be run
INFO: [Designutils 20-4379] Flow is switching to default flow due to incremental criteria not met. If you would like to alter this behaviour and have the flow terminate instead, please set the following parameter config_implementation {autoIncr.Synth.RejectBehavior Terminate}
---------------------------------------------------------------------------------
Finished Constraint Validation : Time (s): cpu = 00:00:07 ; elapsed = 00:00:15 . Memory (MB): peak = 1490.062 ; gain = 593.785
---------------------------------------------------------------------------------
---------------------------------------------------------------------------------
Start Loading Part and Timing Information
---------------------------------------------------------------------------------
Loading part: xc7a100tcsg324-1
---------------------------------------------------------------------------------
Finished Loading Part and Timing Information : Time (s): cpu = 00:00:07 ; elapsed = 00:00:15 . Memory (MB): peak = 1490.062 ; gain = 593.785
---------------------------------------------------------------------------------
---------------------------------------------------------------------------------
Start Applying 'set_property' XDC Constraints
---------------------------------------------------------------------------------
Applied set_property KEEP_HIERARCHY = SOFT for my_srt/ram. (constraint file  auto generated constraint).
---------------------------------------------------------------------------------
Finished applying 'set_property' XDC Constraints : Time (s): cpu = 00:00:07 ; elapsed = 00:00:15 . Memory (MB): peak = 1490.062 ; gain = 593.785
---------------------------------------------------------------------------------
INFO: [Synth 8-802] inferred FSM for state register 'current_state_reg' in module 'SRT'
WARNING: [Synth 8-327] inferring latch for variable 'FSM_sequential_next_state_reg' [D:/Projects/2024CODH/labs/lab1/src/SRT_IP.v:116]
WARNING: [Synth 8-327] inferring latch for variable 'FSM_onehot_next_state_reg' [D:/Projects/2024CODH/labs/lab1/src/SRT_IP.v:116]
---------------------------------------------------------------------------------------------------
                   State |                     New Encoding |                Previous Encoding 
---------------------------------------------------------------------------------------------------
                    WAIT |                           000001 |                              000
                     BEG |                           000010 |                              001
                   CHECK |                           000100 |                              111
                   GETD0 |                           001000 |                              010
                   GETD1 |                           010000 |                              011
                    CHAN |                           100000 |                              101
---------------------------------------------------------------------------------------------------
INFO: [Synth 8-3354] encoded FSM with state register 'current_state_reg' using encoding 'one-hot' in module 'SRT'
WARNING: [Synth 8-327] inferring latch for variable 'FSM_onehot_next_state_reg' [D:/Projects/2024CODH/labs/lab1/src/SRT_IP.v:116]
WARNING: [Synth 8-327] inferring latch for variable 'ce_reg' [D:/Projects/2024CODH/labs/lab1/src/Seg/Fren_divider.sv:52]
---------------------------------------------------------------------------------
Finished RTL Optimization Phase 2 : Time (s): cpu = 00:00:07 ; elapsed = 00:00:15 . Memory (MB): peak = 1490.062 ; gain = 593.785
---------------------------------------------------------------------------------
---------------------------------------------------------------------------------
Start RTL Component Statistics 
---------------------------------------------------------------------------------
Detailed RTL Component Info : 
+---Adders : 
	   2 Input   32 Bit       Adders := 3     
	   3 Input   32 Bit       Adders := 1     
	   2 Input    9 Bit       Adders := 1     
	   2 Input    4 Bit       Adders := 4     
	   2 Input    3 Bit       Adders := 1     
+---XORs : 
	   2 Input     32 Bit         XORs := 1     
	   2 Input      1 Bit         XORs := 1     
+---Registers : 
	               32 Bit    Registers := 4     
	                9 Bit    Registers := 1     
	                4 Bit    Registers := 3     
	                3 Bit    Registers := 1     
	                1 Bit    Registers := 4     
+---Muxes : 
	   6 Input   32 Bit        Muxes := 1     
	   2 Input   32 Bit        Muxes := 3     
	   4 Input   32 Bit        Muxes := 1     
	   8 Input    8 Bit        Muxes := 1     
	   6 Input    6 Bit        Muxes := 1     
	   2 Input    6 Bit        Muxes := 5     
	   6 Input    4 Bit        Muxes := 3     
	   6 Input    3 Bit        Muxes := 1     
	   2 Input    3 Bit        Muxes := 1     
	   2 Input    1 Bit        Muxes := 8     
	   6 Input    1 Bit        Muxes := 12    
---------------------------------------------------------------------------------
Finished RTL Component Statistics 
---------------------------------------------------------------------------------
---------------------------------------------------------------------------------
Start Part Resource Summary
---------------------------------------------------------------------------------
Part Resources:
DSPs: 240 (col length:80)
BRAMs: 270 (col length: RAMB18 80 RAMB36 40)
---------------------------------------------------------------------------------
Finished Part Resource Summary
---------------------------------------------------------------------------------
---------------------------------------------------------------------------------
Start Cross Boundary and Area Optimization
---------------------------------------------------------------------------------
WARNING: [Synth 8-7080] Parallel synthesis criteria is not met
---------------------------------------------------------------------------------
Finished Cross Boundary and Area Optimization : Time (s): cpu = 00:00:09 ; elapsed = 00:00:18 . Memory (MB): peak = 1490.062 ; gain = 593.785
---------------------------------------------------------------------------------
---------------------------------------------------------------------------------
Start Applying XDC Timing Constraints
---------------------------------------------------------------------------------
---------------------------------------------------------------------------------
Finished Applying XDC Timing Constraints : Time (s): cpu = 00:00:11 ; elapsed = 00:00:23 . Memory (MB): peak = 1490.062 ; gain = 593.785
---------------------------------------------------------------------------------
---------------------------------------------------------------------------------
Start Timing Optimization
---------------------------------------------------------------------------------
---------------------------------------------------------------------------------
Finished Timing Optimization : Time (s): cpu = 00:00:12 ; elapsed = 00:00:24 . Memory (MB): peak = 1490.062 ; gain = 593.785
---------------------------------------------------------------------------------
---------------------------------------------------------------------------------
Start Technology Mapping
---------------------------------------------------------------------------------
---------------------------------------------------------------------------------
Finished Technology Mapping : Time (s): cpu = 00:00:12 ; elapsed = 00:00:24 . Memory (MB): peak = 1490.062 ; gain = 593.785
---------------------------------------------------------------------------------
---------------------------------------------------------------------------------
Start IO Insertion
---------------------------------------------------------------------------------
---------------------------------------------------------------------------------
Start Flattening Before IO Insertion
---------------------------------------------------------------------------------
---------------------------------------------------------------------------------
Finished Flattening Before IO Insertion
---------------------------------------------------------------------------------
---------------------------------------------------------------------------------
Start Final Netlist Cleanup
---------------------------------------------------------------------------------
---------------------------------------------------------------------------------
Finished Final Netlist Cleanup
---------------------------------------------------------------------------------
---------------------------------------------------------------------------------
Finished IO Insertion : Time (s): cpu = 00:00:14 ; elapsed = 00:00:28 . Memory (MB): peak = 1490.062 ; gain = 593.785
---------------------------------------------------------------------------------
---------------------------------------------------------------------------------
Start Renaming Generated Instances
---------------------------------------------------------------------------------
---------------------------------------------------------------------------------
Finished Renaming Generated Instances : Time (s): cpu = 00:00:14 ; elapsed = 00:00:28 . Memory (MB): peak = 1490.062 ; gain = 593.785
---------------------------------------------------------------------------------
---------------------------------------------------------------------------------
Start Rebuilding User Hierarchy
---------------------------------------------------------------------------------
---------------------------------------------------------------------------------
Finished Rebuilding User Hierarchy : Time (s): cpu = 00:00:14 ; elapsed = 00:00:28 . Memory (MB): peak = 1490.062 ; gain = 593.785
---------------------------------------------------------------------------------
---------------------------------------------------------------------------------
Start Renaming Generated Ports
---------------------------------------------------------------------------------
---------------------------------------------------------------------------------
Finished Renaming Generated Ports : Time (s): cpu = 00:00:14 ; elapsed = 00:00:28 . Memory (MB): peak = 1490.062 ; gain = 593.785
---------------------------------------------------------------------------------
---------------------------------------------------------------------------------
Start Handling Custom Attributes
---------------------------------------------------------------------------------
---------------------------------------------------------------------------------
Finished Handling Custom Attributes : Time (s): cpu = 00:00:14 ; elapsed = 00:00:28 . Memory (MB): peak = 1490.062 ; gain = 593.785
---------------------------------------------------------------------------------
---------------------------------------------------------------------------------
Start Renaming Generated Nets
---------------------------------------------------------------------------------
---------------------------------------------------------------------------------
Finished Renaming Generated Nets : Time (s): cpu = 00:00:14 ; elapsed = 00:00:28 . Memory (MB): peak = 1490.062 ; gain = 593.785
---------------------------------------------------------------------------------
---------------------------------------------------------------------------------
Start Writing Synthesis Report
---------------------------------------------------------------------------------

Report BlackBoxes: 
+------+--------------+----------+
|      |BlackBox name |Instances |
+------+--------------+----------+
|1     |RAM_dist      |         1|
+------+--------------+----------+

Report Cell Usage: 
+------+---------+------+
|      |Cell     |Count |
+------+---------+------+
|1     |RAM_dist |     1|
|2     |BUFG     |     1|
|3     |CARRY4   |    12|
|4     |LUT1     |     4|
|5     |LUT2     |    15|
|6     |LUT3     |    56|
|7     |LUT4     |    85|
|8     |LUT5     |    19|
|9     |LUT6     |    34|
|10    |FDCE     |    36|
|11    |FDRE     |   124|
|12    |FDSE     |     1|
|13    |LD       |     6|
|14    |LDC      |     1|
|15    |IBUF     |     8|
|16    |OBUF     |    15|
+------+---------+------+
---------------------------------------------------------------------------------
Finished Writing Synthesis Report : Time (s): cpu = 00:00:14 ; elapsed = 00:00:28 . Memory (MB): peak = 1490.062 ; gain = 593.785
---------------------------------------------------------------------------------
Synthesis finished with 0 errors, 0 critical warnings and 5 warnings.
Synthesis Optimization Runtime : Time (s): cpu = 00:00:10 ; elapsed = 00:00:27 . Memory (MB): peak = 1490.062 ; gain = 547.715
Synthesis Optimization Complete : Time (s): cpu = 00:00:14 ; elapsed = 00:00:29 . Memory (MB): peak = 1490.062 ; gain = 593.785
INFO: [Project 1-571] Translating synthesized netlist
Netlist sorting complete. Time (s): cpu = 00:00:00 ; elapsed = 00:00:00.004 . Memory (MB): peak = 1490.062 ; gain = 0.000
INFO: [Netlist 29-17] Analyzing 19 Unisim elements for replacement
INFO: [Netlist 29-28] Unisim Transformation completed in 0 CPU seconds
INFO: [Project 1-570] Preparing netlist for logic optimization
INFO: [Opt 31-138] Pushed 0 inverter(s) to 0 load pin(s).
Netlist sorting complete. Time (s): cpu = 00:00:00 ; elapsed = 00:00:00.001 . Memory (MB): peak = 1490.062 ; gain = 0.000
INFO: [Project 1-111] Unisim Transformation Summary:
  A total of 7 instances were transformed.
  LD => LDCE: 6 instances
  LDC => LDCE: 1 instance 

系统找不到指定的路径。
Synth Design complete | Checksum: 2a1b21e1
INFO: [Common 17-83] Releasing license: Synthesis
47 Infos, 6 Warnings, 0 Critical Warnings and 0 Errors encountered.
synth_design completed successfully
synth_design: Time (s): cpu = 00:00:17 ; elapsed = 00:00:34 . Memory (MB): peak = 1490.062 ; gain = 1002.816
Write ShapeDB Complete: Time (s): cpu = 00:00:00 ; elapsed = 00:00:00.002 . Memory (MB): peak = 1490.062 ; gain = 0.000
INFO: [Common 17-1381] The checkpoint 'D:/Projects/2024CODH/labs/lab1/SRT/SRT.runs/synth_1/SRT_top.dcp' has been generated.
INFO: [runtcl-4] Executing : report_utilization -file SRT_top_utilization_synth.rpt -pb SRT_top_utilization_synth.pb
INFO: [Common 17-206] Exiting Vivado at Wed Mar 27 16:56:59 2024...
