
*** Running vivado
    with args -log SRT.vds -m64 -product Vivado -mode batch -messageDb vivado.pb -notrace -source SRT.tcl


ECHO 处于关闭状态。
ECHO 处于关闭状态。

****** Vivado v2023.2 (64-bit)
  **** SW Build 4029153 on Fri Oct 13 20:14:34 MDT 2023
  **** IP Build 4028589 on Sat Oct 14 00:45:43 MDT 2023
  **** SharedData Build 4025554 on Tue Oct 10 17:18:54 MDT 2023
    ** Copyright 1986-2022 Xilinx, Inc. All Rights Reserved.
    ** Copyright 2022-2023 Advanced Micro Devices, Inc. All Rights Reserved.

source SRT.tcl -notrace
create_project: Time (s): cpu = 00:00:01 ; elapsed = 00:00:07 . Memory (MB): peak = 472.156 ; gain = 179.438
Command: synth_design -top SRT -part xc7a100tcsg324-1
Starting synth_design
Attempting to get a license for feature 'Synthesis' and/or device 'xc7a100t'
INFO: [Common 17-349] Got license for feature 'Synthesis' and/or device 'xc7a100t'
INFO: [Synth 8-7079] Multithreading enabled for synth_design using a maximum of 2 processes.
INFO: [Synth 8-7078] Launching helper process for spawning children vivado processes
INFO: [Synth 8-7075] Helper process launched with PID 19648
---------------------------------------------------------------------------------
Starting Synthesize : Time (s): cpu = 00:00:03 ; elapsed = 00:00:06 . Memory (MB): peak = 921.449 ; gain = 444.293
---------------------------------------------------------------------------------
INFO: [Synth 8-6157] synthesizing module 'SRT' [D:/Projects/2024CODH/labs/lab1/src/SRT.v:1]
WARNING: [Synth 8-2898] ignoring malformed $readmem task [D:/Projects/2024CODH/labs/lab1/src/SRT.v:22]
INFO: [Synth 8-6157] synthesizing module 'ALU' [D:/Projects/2024CODH/labs/lab1/src/ALU.v:1]
INFO: [Synth 8-6155] done synthesizing module 'ALU' (0#1) [D:/Projects/2024CODH/labs/lab1/src/ALU.v:1]
INFO: [Synth 8-155] case statement is not full and has no default [D:/Projects/2024CODH/labs/lab1/src/SRT.v:54]
INFO: [Synth 8-6155] done synthesizing module 'SRT' (0#1) [D:/Projects/2024CODH/labs/lab1/src/SRT.v:1]
TclStackFree: incorrect freePtr. Call out of sequence?
